# JRE version: Java(TM) SE Runtime Environment (8.0_191-b12) (build 1.8.0_191-b12)
# Java VM: Java HotSpot(TM) Client VM (25.191-b12 mixed mode windows-x86 )
Heap:
 def new generation   total 89088K, used 10531K [0x04800000, 0x0a8a0000, 0x0f2a0000)
  eden space 79232K,  13% used [0x04800000, 0x05248dd8, 0x09560000)
  from space 9856K,   0% used [0x09560000, 0x09560000, 0x09f00000)
  to   space 9856K,   0% used [0x09f00000, 0x09f00000, 0x0a8a0000)
 tenured generation   total 197832K, used 118698K [0x0f2a0000, 0x1b3d2000, 0x24800000)
   the space 197832K,  59% used [0x0f2a0000, 0x1668aa60, 0x1668ac00, 0x1b3d2000)
 Metaspace       used 25071K, capacity 25617K, committed 25728K, reserved 25984K
GC Heap History (10 events):
Event: 3036.918 GC heap before
{Heap before GC invocations=22 (full 2):
 def new generation   total 55360K, used 53220K [0x04800000, 0x08410000, 0x0f2a0000)
  eden space 49216K,  99% used [0x04800000, 0x077d4900, 0x07810000)
  from space 6144K,  69% used [0x07e10000, 0x08234a50, 0x08410000)
  to   space 6144K,   0% used [0x07810000, 0x07810000, 0x07e10000)
 tenured generation   total 122916K, used 93189K [0x0f2a0000, 0x16aa9000, 0x24800000)
   the space 122916K,  75% used [0x0f2a0000, 0x14da16d8, 0x14da1800, 0x16aa9000)
 Metaspace       used 25130K, capacity 25702K, committed 25728K, reserved 25984K
Event: 3036.926 GC heap after
Heap after GC invocations=23 (full 2):
 def new generation   total 55360K, used 3616K [0x04800000, 0x08410000, 0x0f2a0000)
  eden space 49216K,   0% used [0x04800000, 0x04800000, 0x07810000)
  from space 6144K,  58% used [0x07810000, 0x07b98210, 0x07e10000)
  to   space 6144K,   0% used [0x07e10000, 0x07e10000, 0x08410000)
 tenured generation   total 122916K, used 97309K [0x0f2a0000, 0x16aa9000, 0x24800000)
   the space 122916K,  79% used [0x0f2a0000, 0x151a7700, 0x151a7800, 0x16aa9000)
 Metaspace       used 25130K, capacity 25702K, committed 25728K, reserved 25984K
}
Event: 3038.656 GC heap before
{Heap before GC invocations=23 (full 2):
 def new generation   total 55360K, used 52320K [0x04800000, 0x08410000, 0x0f2a0000)
  eden space 49216K,  98% used [0x04800000, 0x077900b0, 0x07810000)
  from space 6144K,  58% used [0x07810000, 0x07b98210, 0x07e10000)
  to   space 6144K,   0% used [0x07e10000, 0x07e10000, 0x08410000)
 tenured generation   total 122916K, used 97309K [0x0f2a0000, 0x16aa9000, 0x24800000)
   the space 122916K,  79% used [0x0f2a0000, 0x151a7700, 0x151a7800, 0x16aa9000)
 Metaspace       used 25130K, capacity 25702K, committed 25728K, reserved 25984K
Event: 3038.662 GC heap after
Heap after GC invocations=24 (full 2):
 def new generation   total 55360K, used 4375K [0x04800000, 0x08410000, 0x0f2a0000)
  eden space 49216K,   0% used [0x04800000, 0x04800000, 0x07810000)
  from space 6144K,  71% used [0x07e10000, 0x08255c58, 0x08410000)
  to   space 6144K,   0% used [0x07810000, 0x07810000, 0x07e10000)
 tenured generation   total 122916K, used 98677K [0x0f2a0000, 0x16aa9000, 0x24800000)
   the space 122916K,  80% used [0x0f2a0000, 0x152fd708, 0x152fd800, 0x16aa9000)
 Metaspace       used 25130K, capacity 25702K, committed 25728K, reserved 25984K
}
Event: 3040.474 GC heap before
{Heap before GC invocations=24 (full 2):
 def new generation   total 55360K, used 53482K [0x04800000, 0x08410000, 0x0f2a0000)
  eden space 49216K,  99% used [0x04800000, 0x077f4f20, 0x07810000)
  from space 6144K,  71% used [0x07e10000, 0x08255c58, 0x08410000)
  to   space 6144K,   0% used [0x07810000, 0x07810000, 0x07e10000)
 tenured generation   total 122916K, used 98677K [0x0f2a0000, 0x16aa9000, 0x24800000)
   the space 122916K,  80% used [0x0f2a0000, 0x152fd708, 0x152fd800, 0x16aa9000)
 Metaspace       used 25130K, capacity 25702K, committed 25728K, reserved 25984K
Event: 3040.480 GC heap after
Heap after GC invocations=25 (full 2):
 def new generation   total 55360K, used 3899K [0x04800000, 0x08410000, 0x0f2a0000)
  eden space 49216K,   0% used [0x04800000, 0x04800000, 0x07810000)
  from space 6144K,  63% used [0x07810000, 0x07bded70, 0x07e10000)
  to   space 6144K,   0% used [0x07e10000, 0x07e10000, 0x08410000)
 tenured generation   total 122916K, used 101592K [0x0f2a0000, 0x16aa9000, 0x24800000)
   the space 122916K,  82% used [0x0f2a0000, 0x155d6090, 0x155d6200, 0x16aa9000)
 Metaspace       used 25130K, capacity 25702K, committed 25728K, reserved 25984K
}
Event: 3042.409 GC heap before
{Heap before GC invocations=25 (full 2):
 def new generation   total 55360K, used 52875K [0x04800000, 0x08410000, 0x0f2a0000)
  eden space 49216K,  99% used [0x04800000, 0x077d3fe8, 0x07810000)
  from space 6144K,  63% used [0x07810000, 0x07bded70, 0x07e10000)
  to   space 6144K,   0% used [0x07e10000, 0x07e10000, 0x08410000)
 tenured generation   total 122916K, used 101592K [0x0f2a0000, 0x16aa9000, 0x24800000)
   the space 122916K,  82% used [0x0f2a0000, 0x155d6090, 0x155d6200, 0x16aa9000)
 Metaspace       used 25130K, capacity 25702K, committed 25728K, reserved 25984K
Event: 3042.472 GC heap after
Heap after GC invocations=26 (full 2):
 def new generation   total 55360K, used 6144K [0x04800000, 0x08410000, 0x0f2a0000)
  eden space 49216K,   0% used [0x04800000, 0x04800000, 0x07810000)
  from space 6144K, 100% used [0x07e10000, 0x08410000, 0x08410000)
  to   space 6144K,   0% used [0x07810000, 0x07810000, 0x07e10000)
 tenured generation   total 122916K, used 115043K [0x0f2a0000, 0x16aa9000, 0x24800000)
   the space 122916K,  93% used [0x0f2a0000, 0x162f8e18, 0x162f9000, 0x16aa9000)
 Metaspace       used 25130K, capacity 25702K, committed 25728K, reserved 25984K
}
Event: 3044.786 GC heap before
{Heap before GC invocations=26 (full 2):
 def new generation   total 55360K, used 54282K [0x04800000, 0x08410000, 0x0f2a0000)
  eden space 49216K,  97% used [0x04800000, 0x07702a08, 0x07810000)
  from space 6144K, 100% used [0x07e10000, 0x08410000, 0x08410000)
  to   space 6144K,   0% used [0x07810000, 0x07810000, 0x07e10000)
 tenured generation   total 122916K, used 115043K [0x0f2a0000, 0x16aa9000, 0x24800000)
   the space 122916K,  93% used [0x0f2a0000, 0x162f8e18, 0x162f9000, 0x16aa9000)
 Metaspace       used 25130K, capacity 25702K, committed 25728K, reserved 25984K
Event: 3045.504 GC heap after
Heap after GC invocations=27 (full 3):
 def new generation   total 89088K, used 0K [0x04800000, 0x0a8a0000, 0x0f2a0000)
  eden space 79232K,   0% used [0x04800000, 0x04800000, 0x09560000)
  from space 9856K,   0% used [0x09560000, 0x09560000, 0x09f00000)
  to   space 9856K,   0% used [0x09f00000, 0x09f00000, 0x0a8a0000)
 tenured generation   total 197832K, used 118698K [0x0f2a0000, 0x1b3d2000, 0x24800000)
   the space 197832K,  59% used [0x0f2a0000, 0x1668aa60, 0x1668ac00, 0x1b3d2000)
 Metaspace       used 25071K, capacity 25617K, committed 25728K, reserved 25984K
}

